\BOOKMARK [1][-]{section.1}{\376\377\000I\000n\000t\000r\000o\000d\000u\000c\000t\000i\000o\000n}{}% 1
\BOOKMARK [2][-]{subsection.1.1}{\376\377\000C\000l\000a\000s\000s\000i\000c\000\040\000n\000e\000u\000r\000a\000l\000\040\000d\000y\000n\000a\000m\000i\000c\000s\000\040\000m\000o\000d\000e\000l}{section.1}% 2
\BOOKMARK [3][-]{subsubsection.1.1.1}{\376\377\000A\000\040\000d\000e\000t\000e\000r\000m\000i\000n\000i\000s\000t\000i\000c\000\040\000m\000o\000d\000e\000l\000\040\000n\000e\000u\000r\000o\000n}{subsection.1.1}% 3
\BOOKMARK [3][-]{subsubsection.1.1.2}{\376\377\000M\000o\000d\000e\000l\000l\000i\000n\000g\000\040\000s\000u\000p\000r\000a\000-\000t\000h\000r\000e\000s\000h\000o\000l\000d\000\040\000d\000y\000n\000a\000m\000i\000c\000s}{subsection.1.1}% 4
\BOOKMARK [3][-]{subsubsection.1.1.3}{\376\377\000M\000o\000d\000e\000l\000l\000i\000n\000g\000\040\000s\000p\000i\000k\000e\000-\000r\000a\000t\000e\000\040\000a\000d\000a\000p\000t\000a\000t\000i\000o\000n\000\040\000a\000n\000d\000\040\000s\000y\000n\000a\000p\000t\000i\000c\000\040\000d\000y\000n\000a\000m\000i\000c\000s}{subsection.1.1}% 5
\BOOKMARK [3][-]{subsubsection.1.1.4}{\376\377\000A\000\040\000s\000t\000o\000c\000h\000a\000s\000t\000i\000c\000\040\000m\000o\000d\000e\000l\000\040\000n\000e\000u\000r\000o\000n}{subsection.1.1}% 6
\BOOKMARK [2][-]{subsection.1.2}{\376\377\000E\000x\000p\000a\000n\000d\000i\000n\000g\000\040\000t\000h\000e\000\040\000s\000t\000o\000c\000h\000a\000s\000t\000i\000c\000\040\000n\000e\000u\000r\000o\000n\000a\000l\000\040\000m\000o\000d\000e\000l}{section.1}% 7
\BOOKMARK [1][-]{section.2}{\376\377\000S\000t\000o\000c\000h\000a\000s\000t\000i\000c\000\040\000r\000e\000p\000r\000e\000s\000e\000n\000t\000a\000t\000i\000o\000n\000s}{}% 8
\BOOKMARK [2][-]{subsection.2.1}{\376\377\000R\000a\000n\000d\000o\000m\000\040\000t\000i\000m\000e\000\040\000c\000h\000a\000n\000g\000e\000\040\000r\000e\000p\000r\000e\000s\000e\000n\000t\000a\000t\000i\000o\000n}{section.2}% 9
\BOOKMARK [3][-]{subsubsection.2.1.1}{\376\377\000S\000i\000m\000u\000l\000a\000t\000i\000o\000n\000\040\000o\000f\000\040\000t\000h\000e\000\040\000r\000e\000p\000r\000e\000s\000e\000n\000t\000a\000t\000i\000o\000n}{subsection.2.1}% 10
\BOOKMARK [2][-]{subsection.2.2}{\376\377\000G\000i\000l\000l\000e\000s\000p\000i\000e\000\040\000r\000e\000p\000r\000e\000s\000e\000n\000t\000a\000t\000i\000o\000n}{section.2}% 11
\BOOKMARK [3][-]{subsubsection.2.2.1}{\376\377\000S\000i\000m\000u\000l\000a\000t\000i\000o\000n\000\040\000o\000f\000\040\000t\000h\000e\000\040\000r\000e\000p\000r\000e\000s\000e\000n\000t\000a\000t\000i\000o\000n}{subsection.2.2}% 12
\BOOKMARK [1][-]{section.3}{\376\377\000M\000o\000r\000r\000i\000s\000-\000L\000e\000c\000a\000r}{}% 13
\BOOKMARK [1][-]{section.4}{\376\377\000M\000o\000d\000e\000l\000s\000\040\000w\000i\000t\000h\000\040\000m\000o\000r\000e\000\040\000t\000h\000a\000n\000\040\000o\000n\000e\000\040\000c\000h\000a\000n\000n\000e\000l\000\040\000t\000y\000p\000e}{}% 14
\BOOKMARK [2][-]{subsection.4.1}{\376\377\000R\000a\000n\000d\000o\000m\000\040\000t\000i\000m\000e\000\040\000c\000h\000a\000n\000g\000e\000\040\000r\000e\000p\000r\000e\000s\000e\000n\000t\000a\000t\000i\000o\000n}{section.4}% 15
\BOOKMARK [1][-]{section.5}{\376\377\000C\000o\000m\000p\000a\000r\000i\000s\000o\000n\000\040\000o\000f\000\040\000t\000h\000e\000\040\000e\000x\000a\000c\000t\000\040\000a\000l\000g\000o\000r\000i\000t\000h\000m\000\040\000w\000i\000t\000h\000\040\000a\000\040\000p\000i\000e\000c\000e\000w\000i\000s\000e\000\040\000c\000o\000n\000s\000t\000a\000n\000t\000\040\000p\000r\000o\000p\000e\000n\000s\000i\000t\000y\000\040\000a\000p\000p\000r\000o\000x\000i\000m\000a\000t\000i\000o\000n}{}% 16
\BOOKMARK [1][-]{section.6}{\376\377\000C\000o\000u\000p\000l\000i\000n\000g\000,\000\040\000v\000a\000r\000i\000a\000n\000c\000e\000\040\000r\000e\000d\000u\000c\000t\000i\000o\000n\000\040\000a\000n\000d\000\040\000p\000a\000r\000a\000m\000e\000t\000r\000i\000c\000\040\000s\000e\000n\000s\000i\000t\000i\000v\000i\000t\000i\000e\000s}{}% 17
\BOOKMARK [2][-]{subsection.6.1}{\376\377\000T\000h\000e\000\040\000c\000o\000m\000m\000o\000n\000\040\000r\000a\000n\000d\000o\000m\000\040\000n\000u\000m\000b\000e\000r\000\040\000m\000e\000t\000h\000o\000d}{section.6}% 18
\BOOKMARK [2][-]{subsection.6.2}{\376\377\000T\000h\000e\000\040\000c\000o\000m\000m\000o\000n\000\040\000r\000e\000a\000c\000t\000i\000o\000n\000\040\000p\000a\000t\000h\000\040\000m\000e\000t\000h\000o\000d}{section.6}% 19
\BOOKMARK [2][-]{subsection.6.3}{\376\377\000T\000h\000e\000\040\000c\000o\000u\000p\000l\000e\000d\000\040\000f\000i\000n\000i\000t\000e\000\040\000d\000i\000f\000f\000e\000r\000e\000n\000c\000e\000\040\000m\000e\000t\000h\000o\000d}{section.6}% 20
\BOOKMARK [2][-]{subsection.6.4}{\376\377\000C\000o\000v\000a\000r\000i\000a\000n\000c\000e\000\040\000a\000n\000d\000\040\000m\000e\000t\000h\000o\000d\000s\000'\000\040\000p\000e\000r\000f\000o\000r\000m\000a\000c\000e}{section.6}% 21
\BOOKMARK [1][-]{section.7}{\376\377\000D\000i\000s\000c\000u\000s\000s\000i\000o\000n}{}% 22
\BOOKMARK [1][-]{section*.3}{\376\377\000R\000e\000f\000e\000r\000e\000n\000c\000e\000s}{}% 23
